<?xml version="1.0" encoding="UTF-8"?>
<!-- Generated by org.testng.reporters.JUnitXMLReporter -->
<testsuite ignored="0" hostname="DESKTOP-3P8E78P" failures="1" tests="2" name="Test1" time="200.078" errors="0" timestamp="2025-03-01T16:26:15 IST">
  <testcase classname="quickmart.ecommerce.test.ErrorValidation" name="ProductErrorValidation" time="125.854">
    <skipped/>
  </testcase> <!-- ProductErrorValidation -->
  <testcase classname="quickmart.ecommerce.test.ErrorValidation" name="ProductErrorValidation" time="34.825">
    <failure type="java.lang.AssertionError" message="expected [true] but found [false]">
      <![CDATA[java.lang.AssertionError: expected [true] but found [false]
at quickmart.ecommerce.test.ErrorValidation.ProductErrorValidation(ErrorValidation.java:22)
at java.base/java.util.ArrayList.forEach(ArrayList.java:1511)
... Removed 31 stack frames]]>
    </failure>
  </testcase> <!-- ProductErrorValidation -->
</testsuite> <!-- Test1 -->
